<?xml version="1.0" encoding="UTF-8"?>
<!-- Generated by org.testng.reporters.JUnitReportReporter -->
<testsuite hostname="LAPTOP-R4RHI0I8" failures="0" tests="3" name="Practice.DataProviderdemo" time="101.789" errors="0" timestamp="2022-10-14T12:01:19 IST" skipped="0">
  <testcase classname="Practice.DataProviderdemo" name="companyDetails" time="36.100"/>
  <system-out/>
  <testcase classname="Practice.DataProviderdemo" name="companyDetails" time="34.480"/>
  <system-out/>
  <testcase classname="Practice.DataProviderdemo" name="companyDetails" time="31.209"/>
  <system-out/>
</testsuite> <!-- Practice.DataProviderdemo -->
