<?xml version="1.0" encoding="UTF-8"?>
<!-- Generated by org.testng.reporters.JUnitReportReporter -->
<testsuite hostname="LAPTOP-R4RHI0I8" failures="0" tests="1" name="Practice.SoftAssertTest" time="0.043" errors="0" timestamp="2022-10-07T11:55:15 IST" skipped="0">
  <testcase classname="Practice.SoftAssertTest" name="createCustomer" time="0.043"/>
  <system-out/>
</testsuite> <!-- Practice.SoftAssertTest -->
