<?xml version="1.0" encoding="UTF-8"?>
<!-- Generated by org.testng.reporters.JUnitReportReporter -->
<testsuite hostname="LAPTOP-R4RHI0I8" failures="0" tests="1" name="com.crm.campaign.Campaigndemo" time="47.171" errors="0" timestamp="2022-10-04T11:51:39 IST" skipped="0">
  <testcase classname="com.crm.campaign.Campaigndemo" name="Campaigndemo" time="47.171"/>
  <system-out/>
</testsuite> <!-- com.crm.campaign.Campaigndemo -->
