<?xml version="1.0" encoding="UTF-8"?>
<!-- Generated by org.testng.reporters.JUnitReportReporter -->
<testsuite hostname="LAPTOP-R4RHI0I8" failures="0" tests="2" name="com.crm.organisation.Demoorganisation" time="73.990" errors="0" timestamp="2022-10-09T14:45:18 IST" skipped="0">
  <testcase classname="com.crm.organisation.Demoorganisation" name="demoorganisation" time="33.180"/>
  <system-out/>
  <testcase classname="com.crm.organisation.Demoorganisation" name="demoorganisation" time="40.810"/>
  <system-out/>
</testsuite> <!-- com.crm.organisation.Demoorganisation -->
