<?xml version="1.0" encoding="UTF-8"?>
<!-- Generated by org.testng.reporters.JUnitReportReporter -->
<testsuite hostname="LAPTOP-R4RHI0I8" failures="0" tests="2" name="Practice.Sample1" time="0.012" errors="0" timestamp="2022-10-06T11:07:02 IST" skipped="0">
  <testcase classname="Practice.Sample1" name="modifycustomer" time="0.008"/>
  <system-out/>
  <testcase classname="Practice.Sample1" name="deletecustomer" time="0.004"/>
  <system-out/>
</testsuite> <!-- Practice.Sample1 -->
