<?xml version="1.0" encoding="UTF-8"?>
<!-- Generated by org.testng.reporters.JUnitReportReporter -->
<testsuite hostname="LAPTOP-R4RHI0I8" failures="0" tests="5" name="Practice.DataProvideTest" time="0.023" errors="0" timestamp="2022-10-07T10:02:23 IST" skipped="0">
  <testcase classname="Practice.DataProvideTest" name="BookTicket" time="0.002"/>
  <system-out/>
  <testcase classname="Practice.DataProvideTest" name="BookTicket" time="0.002"/>
  <system-out/>
  <testcase classname="Practice.DataProvideTest" name="BookTicket" time="0.003"/>
  <system-out/>
  <testcase classname="Practice.DataProvideTest" name="BookTicket" time="0.004"/>
  <system-out/>
  <testcase classname="Practice.DataProvideTest" name="BookTicket" time="0.012"/>
  <system-out/>
</testsuite> <!-- Practice.DataProvideTest -->
