<?xml version="1.0" encoding="UTF-8"?>
<!-- Generated by org.testng.reporters.JUnitReportReporter -->
<testsuite hostname="LAPTOP-R4RHI0I8" failures="0" tests="1" name="com.crm.product.productDemo" time="54.530" errors="0" timestamp="2022-10-04T11:47:17 IST" skipped="0">
  <testcase classname="com.crm.product.productDemo" name="productDemo" time="54.530"/>
  <system-out/>
</testsuite> <!-- com.crm.product.productDemo -->
