<?xml version="1.0" encoding="UTF-8"?>
<!-- Generated by org.testng.reporters.JUnitReportReporter -->
<testsuite hostname="LAPTOP-R4RHI0I8" failures="0" tests="1" name="com.crm.campaign.CampaigndemoTest" time="77.591" errors="0" timestamp="2022-10-09T14:05:18 IST" skipped="0">
  <testcase classname="com.crm.campaign.CampaigndemoTest" name="campaigndemoTest" time="77.591"/>
  <system-out/>
</testsuite> <!-- com.crm.campaign.CampaigndemoTest -->
